0 info it worked if it ends with ok
1 verbose cli [ 'node', '/usr/local/bin/npm', 'install', 'jade', '--save' ]
2 info using npm@1.4.28
3 info using node@v0.10.33
4 verbose cache add [ 'jade', null ]
5 verbose cache add name=undefined spec="jade" args=["jade",null]
6 verbose parsed url { protocol: null,
6 verbose parsed url   slashes: null,
6 verbose parsed url   auth: null,
6 verbose parsed url   host: null,
6 verbose parsed url   port: null,
6 verbose parsed url   hostname: null,
6 verbose parsed url   hash: null,
6 verbose parsed url   search: null,
6 verbose parsed url   query: null,
6 verbose parsed url   pathname: 'jade',
6 verbose parsed url   path: 'jade',
6 verbose parsed url   href: 'jade' }
7 silly lockFile 5bd60fae-jade jade
8 verbose lock jade /Users/craigcollins/.npm/5bd60fae-jade.lock
9 silly lockFile 5bd60fae-jade jade
10 silly lockFile 5bd60fae-jade jade
11 verbose addNamed [ 'jade', '' ]
12 verbose addNamed [ null, '*' ]
13 silly lockFile 51d481b2-jade jade@
14 verbose lock jade@ /Users/craigcollins/.npm/51d481b2-jade.lock
15 silly addNameRange { name: 'jade', range: '*', hasData: false }
16 verbose request where is /jade
17 verbose request registry https://registry.npmjs.org/
18 verbose request id 4a641d30d5b98d80
19 verbose url raw /jade
20 verbose url resolving [ 'https://registry.npmjs.org/', './jade' ]
21 verbose url resolved https://registry.npmjs.org/jade
22 verbose request where is https://registry.npmjs.org/jade
23 info trying registry request attempt 1 at 12:38:35
24 verbose etag "5UBJBOWOY3KX298JE4RB13RO4"
25 http GET https://registry.npmjs.org/jade
26 http 304 https://registry.npmjs.org/jade
27 silly registry.get cb [ 304,
27 silly registry.get   { date: 'Thu, 22 Jan 2015 12:38:35 GMT',
27 silly registry.get     server: 'Apache',
27 silly registry.get     via: '1.1 varnish',
27 silly registry.get     'last-modified': 'Thu, 22 Jan 2015 12:38:35 GMT',
27 silly registry.get     'cache-control': 'max-age=60',
27 silly registry.get     etag: '"5UBJBOWOY3KX298JE4RB13RO4"',
27 silly registry.get     age: '21',
27 silly registry.get     'x-served-by': 'cache-fra1243-FRA',
27 silly registry.get     'x-cache': 'HIT',
27 silly registry.get     'x-cache-hits': '1',
27 silly registry.get     'x-timer': 'S1421930315.214880,VS0,VE0',
27 silly registry.get     vary: 'Accept',
27 silly registry.get     'content-length': '0',
27 silly registry.get     'keep-alive': 'timeout=10, max=50',
27 silly registry.get     connection: 'Keep-Alive' } ]
28 verbose etag https://registry.npmjs.org/jade from cache
29 silly addNameRange number 2 { name: 'jade', range: '*', hasData: true }
30 silly addNameRange versions [ 'jade',
30 silly addNameRange   [ '0.0.1',
30 silly addNameRange     '0.0.2',
30 silly addNameRange     '0.1.0',
30 silly addNameRange     '0.2.0',
30 silly addNameRange     '0.2.1',
30 silly addNameRange     '0.2.2',
30 silly addNameRange     '0.2.3',
30 silly addNameRange     '0.2.4',
30 silly addNameRange     '0.3.0',
30 silly addNameRange     '0.4.0',
30 silly addNameRange     '0.4.1',
30 silly addNameRange     '0.5.0',
30 silly addNameRange     '0.5.1',
30 silly addNameRange     '0.5.2',
30 silly addNameRange     '0.5.3',
30 silly addNameRange     '0.5.4',
30 silly addNameRange     '0.5.5',
30 silly addNameRange     '0.5.6',
30 silly addNameRange     '0.5.7',
30 silly addNameRange     '0.6.0',
30 silly addNameRange     '0.6.1',
30 silly addNameRange     '0.6.3',
30 silly addNameRange     '0.7.0',
30 silly addNameRange     '0.7.1',
30 silly addNameRange     '0.8.0',
30 silly addNameRange     '0.8.1',
30 silly addNameRange     '0.8.2',
30 silly addNameRange     '0.8.3',
30 silly addNameRange     '0.8.4',
30 silly addNameRange     '0.8.5',
30 silly addNameRange     '0.8.6',
30 silly addNameRange     '0.8.7',
30 silly addNameRange     '0.8.8',
30 silly addNameRange     '0.8.9',
30 silly addNameRange     '0.9.0',
30 silly addNameRange     '0.9.1',
30 silly addNameRange     '0.9.2',
30 silly addNameRange     '0.9.3',
30 silly addNameRange     '0.10.0',
30 silly addNameRange     '0.10.1',
30 silly addNameRange     '0.10.2',
30 silly addNameRange     '0.10.3',
30 silly addNameRange     '0.10.4',
30 silly addNameRange     '0.10.5',
30 silly addNameRange     '0.10.6',
30 silly addNameRange     '0.10.7',
30 silly addNameRange     '0.11.0',
30 silly addNameRange     '0.11.1',
30 silly addNameRange     '0.12.0',
30 silly addNameRange     '0.12.1',
30 silly addNameRange     '0.12.2',
30 silly addNameRange     '0.12.3',
30 silly addNameRange     '0.12.4',
30 silly addNameRange     '0.13.0',
30 silly addNameRange     '0.14.0',
30 silly addNameRange     '0.14.1',
30 silly addNameRange     '0.14.2',
30 silly addNameRange     '0.15.0',
30 silly addNameRange     '0.15.1',
30 silly addNameRange     '0.15.2',
30 silly addNameRange     '0.15.3',
30 silly addNameRange     '0.15.4',
30 silly addNameRange     '0.16.0',
30 silly addNameRange     '0.16.1',
30 silly addNameRange     '0.16.2',
30 silly addNameRange     '0.16.3',
30 silly addNameRange     '0.16.4',
30 silly addNameRange     '0.17.0',
30 silly addNameRange     '0.18.0',
30 silly addNameRange     '0.19.0',
30 silly addNameRange     '0.20.0',
30 silly addNameRange     '0.20.1',
30 silly addNameRange     '0.20.2',
30 silly addNameRange     '0.20.3',
30 silly addNameRange     '0.21.0',
30 silly addNameRange     '0.22.0',
30 silly addNameRange     '0.22.1',
30 silly addNameRange     '0.23.0',
30 silly addNameRange     '0.24.0',
30 silly addNameRange     '0.25.0',
30 silly addNameRange     '0.26.0',
30 silly addNameRange     '0.26.1',
30 silly addNameRange     '0.26.2',
30 silly addNameRange     '0.26.3',
30 silly addNameRange     '0.27.0',
30 silly addNameRange     '0.27.1',
30 silly addNameRange     '0.27.2',
30 silly addNameRange     '0.27.3',
30 silly addNameRange     '0.27.4',
30 silly addNameRange     '0.27.5',
30 silly addNameRange     '0.27.6',
30 silly addNameRange     '0.27.7',
30 silly addNameRange     '0.28.0',
30 silly addNameRange     '0.28.1',
30 silly addNameRange     '0.28.2',
30 silly addNameRange     '0.29.0',
30 silly addNameRange     '0.30.0',
30 silly addNameRange     '0.31.0',
30 silly addNameRange     '0.31.1',
30 silly addNameRange     '0.31.2',
30 silly addNameRange     '0.32.0',
30 silly addNameRange     '0.33.0',
30 silly addNameRange     '0.34.0',
30 silly addNameRange     '0.34.1',
30 silly addNameRange     '0.35.0',
30 silly addNameRange     '1.0.0',
30 silly addNameRange     '1.0.1',
30 silly addNameRange     '1.0.2',
30 silly addNameRange     '1.1.0',
30 silly addNameRange     '1.1.1',
30 silly addNameRange     '1.1.2',
30 silly addNameRange     '1.1.3',
30 silly addNameRange     '1.1.4',
30 silly addNameRange     '1.1.5',
30 silly addNameRange     '1.2.0',
30 silly addNameRange     '1.3.0',
30 silly addNameRange     '1.3.1',
30 silly addNameRange     '1.4.0',
30 silly addNameRange     '1.4.1',
30 silly addNameRange     '1.4.2',
30 silly addNameRange     '1.5.0',
30 silly addNameRange     '1.6.0',
30 silly addNameRange     '1.7.0',
30 silly addNameRange     '1.8.0',
30 silly addNameRange     '1.8.1',
30 silly addNameRange     '1.8.2',
30 silly addNameRange     '1.9.0',
30 silly addNameRange     '1.9.1' ] ]
31 verbose addNamed [ 'jade', '1.9.1' ]
32 verbose addNamed [ '1.9.1', '1.9.1' ]
33 silly lockFile 9901c118-jade-1-9-1 jade@1.9.1
34 verbose lock jade@1.9.1 /Users/craigcollins/.npm/9901c118-jade-1-9-1.lock
35 silly lockFile a5b4eb9a-ry-npmjs-org-jade-jade-1-9-1-tgz https://registry.npmjs.org/jade/-/jade-1.9.1.tgz
36 verbose lock https://registry.npmjs.org/jade/-/jade-1.9.1.tgz /Users/craigcollins/.npm/a5b4eb9a-ry-npmjs-org-jade-jade-1-9-1-tgz.lock
37 verbose addRemoteTarball [ 'https://registry.npmjs.org/jade/-/jade-1.9.1.tgz',
37 verbose addRemoteTarball   '5cf8da5b1edb6973dc26d6d9245d0e8ba005cd26' ]
38 info retry fetch attempt 1 at 12:38:35
39 verbose fetch to= /var/folders/fz/nv0l4njs695811vdncrh1wdr0000gn/T/npm-25745-kLGto1yp/registry.npmjs.org/jade/-/jade-1.9.1.tgz
40 http GET https://registry.npmjs.org/jade/-/jade-1.9.1.tgz
41 http 200 https://registry.npmjs.org/jade/-/jade-1.9.1.tgz
42 silly lockFile a5b4eb9a-ry-npmjs-org-jade-jade-1-9-1-tgz https://registry.npmjs.org/jade/-/jade-1.9.1.tgz
43 silly lockFile a5b4eb9a-ry-npmjs-org-jade-jade-1-9-1-tgz https://registry.npmjs.org/jade/-/jade-1.9.1.tgz
44 silly lockFile 9901c118-jade-1-9-1 jade@1.9.1
45 silly lockFile 9901c118-jade-1-9-1 jade@1.9.1
46 silly lockFile 51d481b2-jade jade@
47 silly lockFile 51d481b2-jade jade@
48 error Error: EACCES, mkdir '/Users/craigcollins/.npm/jade/1.9.1'
48 error  { [Error: EACCES, mkdir '/Users/craigcollins/.npm/jade/1.9.1']
48 error   errno: 3,
48 error   code: 'EACCES',
48 error   path: '/Users/craigcollins/.npm/jade/1.9.1' }
49 error Please try running this command again as root/Administrator.
50 error System Darwin 13.4.0
51 error command "node" "/usr/local/bin/npm" "install" "jade" "--save"
52 error cwd /Users/craigcollins/Desktop/fed-workshop/fed-shop
53 error node -v v0.10.33
54 error npm -v 1.4.28
55 error path /Users/craigcollins/.npm/jade/1.9.1
56 error code EACCES
57 error errno 3
58 error stack Error: EACCES, mkdir '/Users/craigcollins/.npm/jade/1.9.1'
59 verbose exit [ 3, true ]
